151208 00:19:28 mysqld_safe Starting mysqld daemon with databases from /var/lib/mysql
Warning: World-writable config file '/etc/mysql/my.cnf' is ignored
151208  0:19:28 [Note] /usr/sbin/mysqld (mysqld 5.5.46-0ubuntu0.14.04.2) starting as process 10888 ...
151208  0:19:28 [Warning] Can't create test file /var/lib/mysql/JaviCP.lower-test
151208  0:19:28 [Warning] Can't create test file /var/lib/mysql/JaviCP.lower-test
151208  0:19:28 [Note] Plugin 'FEDERATED' is disabled.
/usr/sbin/mysqld: Can't find file: './mysql/plugin.frm' (errno: 13)
151208  0:19:28 [ERROR] Can't open the mysql.plugin table. Please run mysql_upgrade to create it.
151208  0:19:28 InnoDB: The InnoDB memory heap is disabled
151208  0:19:28 InnoDB: Mutexes and rw_locks use GCC atomic builtins
151208  0:19:28 InnoDB: Compressed tables use zlib 1.2.8
151208  0:19:28 InnoDB: Using Linux native AIO
151208  0:19:28 InnoDB: Initializing buffer pool, size = 128.0M
151208  0:19:28 InnoDB: Completed initialization of buffer pool
151208  0:19:28  InnoDB: Operating system error number 13 in a file operation.
InnoDB: The error means mysqld does not have the access rights to
InnoDB: the directory.
InnoDB: File name ./ibdata1
InnoDB: File operation call: 'open'.
InnoDB: Cannot continue operation.
151208 00:19:28 mysqld_safe mysqld from pid file /var/lib/mysql/JaviCP.pid ended
151208 00:20:07 mysqld_safe Starting mysqld daemon with databases from /var/lib/mysql
Warning: World-writable config file '/etc/mysql/my.cnf' is ignored
151208  0:20:07 [Note] /usr/sbin/mysqld (mysqld 5.5.46-0ubuntu0.14.04.2) starting as process 11249 ...
151208  0:20:07 [Warning] Can't create test file /var/lib/mysql/JaviCP.lower-test
151208  0:20:07 [Warning] Can't create test file /var/lib/mysql/JaviCP.lower-test
151208  0:20:07 [Note] Plugin 'FEDERATED' is disabled.
/usr/sbin/mysqld: Can't find file: './mysql/plugin.frm' (errno: 13)
151208  0:20:07 [ERROR] Can't open the mysql.plugin table. Please run mysql_upgrade to create it.
151208  0:20:07 InnoDB: The InnoDB memory heap is disabled
151208  0:20:07 InnoDB: Mutexes and rw_locks use GCC atomic builtins
151208  0:20:07 InnoDB: Compressed tables use zlib 1.2.8
151208  0:20:07 InnoDB: Using Linux native AIO
151208  0:20:07 InnoDB: Initializing buffer pool, size = 128.0M
151208  0:20:07 InnoDB: Completed initialization of buffer pool
151208  0:20:07  InnoDB: Operating system error number 13 in a file operation.
InnoDB: The error means mysqld does not have the access rights to
InnoDB: the directory.
InnoDB: File name ./ibdata1
InnoDB: File operation call: 'open'.
InnoDB: Cannot continue operation.
151208 00:20:07 mysqld_safe mysqld from pid file /var/lib/mysql/JaviCP.pid ended
151208 00:20:32 mysqld_safe Starting mysqld daemon with databases from /var/lib/mysql
Warning: World-writable config file '/etc/mysql/my.cnf' is ignored
151208  0:20:32 [Note] /usr/sbin/mysqld (mysqld 5.5.46-0ubuntu0.14.04.2) starting as process 11414 ...
151208  0:20:32 [Warning] Can't create test file /var/lib/mysql/JaviCP.lower-test
151208  0:20:32 [Warning] Can't create test file /var/lib/mysql/JaviCP.lower-test
151208  0:20:32 [Note] Plugin 'FEDERATED' is disabled.
/usr/sbin/mysqld: Can't find file: './mysql/plugin.frm' (errno: 13)
151208  0:20:32 [ERROR] Can't open the mysql.plugin table. Please run mysql_upgrade to create it.
151208  0:20:32 InnoDB: The InnoDB memory heap is disabled
151208  0:20:32 InnoDB: Mutexes and rw_locks use GCC atomic builtins
151208  0:20:32 InnoDB: Compressed tables use zlib 1.2.8
151208  0:20:32 InnoDB: Using Linux native AIO
151208  0:20:32 InnoDB: Initializing buffer pool, size = 128.0M
151208  0:20:32 InnoDB: Completed initialization of buffer pool
151208  0:20:32  InnoDB: Operating system error number 13 in a file operation.
InnoDB: The error means mysqld does not have the access rights to
InnoDB: the directory.
InnoDB: File name ./ibdata1
InnoDB: File operation call: 'open'.
InnoDB: Cannot continue operation.
151208 00:20:32 mysqld_safe mysqld from pid file /var/lib/mysql/JaviCP.pid ended
151208 00:23:10 mysqld_safe Starting mysqld daemon with databases from /var/lib/mysql
Warning: World-writable config file '/etc/mysql/my.cnf' is ignored
151208  0:23:10 [Note] /usr/sbin/mysqld (mysqld 5.5.46-0ubuntu0.14.04.2) starting as process 11650 ...
151208  0:23:10 [Warning] Can't create test file /var/lib/mysql/JaviCP.lower-test
151208  0:23:10 [Warning] Can't create test file /var/lib/mysql/JaviCP.lower-test
151208  0:23:10 [Note] Plugin 'FEDERATED' is disabled.
/usr/sbin/mysqld: Can't find file: './mysql/plugin.frm' (errno: 13)
151208  0:23:10 [ERROR] Can't open the mysql.plugin table. Please run mysql_upgrade to create it.
151208  0:23:10 InnoDB: The InnoDB memory heap is disabled
151208  0:23:10 InnoDB: Mutexes and rw_locks use GCC atomic builtins
151208  0:23:10 InnoDB: Compressed tables use zlib 1.2.8
151208  0:23:10 InnoDB: Using Linux native AIO
151208  0:23:10 InnoDB: Initializing buffer pool, size = 128.0M
151208  0:23:10 InnoDB: Completed initialization of buffer pool
151208  0:23:10  InnoDB: Operating system error number 13 in a file operation.
InnoDB: The error means mysqld does not have the access rights to
InnoDB: the directory.
InnoDB: File name ./ibdata1
InnoDB: File operation call: 'open'.
InnoDB: Cannot continue operation.
151208 00:23:10 mysqld_safe mysqld from pid file /var/lib/mysql/JaviCP.pid ended
151208 00:24:04 mysqld_safe Starting mysqld daemon with databases from /var/lib/mysql
Warning: World-writable config file '/etc/mysql/my.cnf' is ignored
151208  0:24:04 [Note] /usr/sbin/mysqld (mysqld 5.5.46-0ubuntu0.14.04.2) starting as process 11913 ...
151208  0:24:04 [Warning] Can't create test file /var/lib/mysql/JaviCP.lower-test
151208  0:24:04 [Warning] Can't create test file /var/lib/mysql/JaviCP.lower-test
151208  0:24:04 [Note] Plugin 'FEDERATED' is disabled.
/usr/sbin/mysqld: Can't find file: './mysql/plugin.frm' (errno: 13)
151208  0:24:04 [ERROR] Can't open the mysql.plugin table. Please run mysql_upgrade to create it.
151208  0:24:04 InnoDB: The InnoDB memory heap is disabled
151208  0:24:04 InnoDB: Mutexes and rw_locks use GCC atomic builtins
151208  0:24:04 InnoDB: Compressed tables use zlib 1.2.8
151208  0:24:04 InnoDB: Using Linux native AIO
151208  0:24:04 InnoDB: Initializing buffer pool, size = 128.0M
151208  0:24:04 InnoDB: Completed initialization of buffer pool
151208  0:24:04  InnoDB: Operating system error number 13 in a file operation.
InnoDB: The error means mysqld does not have the access rights to
InnoDB: the directory.
InnoDB: File name ./ibdata1
InnoDB: File operation call: 'open'.
InnoDB: Cannot continue operation.
151208 00:24:04 mysqld_safe mysqld from pid file /var/lib/mysql/JaviCP.pid ended
